* using log directory 'C:/Users/thartl/OneDrive - DIW Berlin/Open Data Format Project/R/R-Packages/r-package-opendataformat/..Rcheck'
* using R version 4.4.0 (2024-04-24 ucrt)
* using platform: x86_64-w64-mingw32
* R was compiled by
    gcc.exe (GCC) 13.2.0
    GNU Fortran (GCC) 13.2.0
* running under: Windows 11 x64 (build 22631)
* using session charset: UTF-8
* using option '--as-cran'
* checking for file './DESCRIPTION' ... OK
* this is package 'opendataformat' version '1.1.0'
* package encoding: UTF-8
* checking CRAN incoming feasibility ... NOTE
Maintainer: 'Tom Hartl <thartl@diw.de>'

New submission

Unknown, possibly misspelled, fields in DESCRIPTION:
  'VignetteEngine' 'VignetteIndexEntry'

Package has a VignetteBuilder field but no prebuilt vignette index.

The build time stamp is missing.
* checking package namespace information ... OK
* checking package dependencies ... OK
* checking if this is a source package ... OK
* checking if there is a namespace ... OK
* checking for executable files ... OK
* checking for hidden files and directories ... NOTE
Found the following hidden files and directories:
  .Rhistory
  .gitignore
  vignettes/.Rhistory
  vignettes/.gitignore
  ..Rcheck
  ..Rcheck/vign_test/r-package-opendataformat/..Rcheck
  ..Rcheck/vign_test/r-package-opendataformat/..Rcheck/vign_test/r-package-opendataformat/.git
  ..Rcheck/vign_test/r-package-opendataformat/.git
  .Rproj.user
  .git
These were most likely included in error. See section 'Package
structure' in the 'Writing R Extensions' manual.

CRAN-pack does not know about
  ..Rcheck
  ..Rcheck/vign_test/r-package-opendataformat/..Rcheck
  ..Rcheck/vign_test/r-package-opendataformat/..Rcheck/vign_test/r-package-opendataformat/.git
  ..Rcheck/vign_test/r-package-opendataformat/.git
  .git
* checking for portable file names ... NOTE
Found the following non-portable file paths:
  opendataformat/..Rcheck/vign_test/r-package-opendataformat/..Rcheck/vign_test/r-package-opendataformat/.git/objects/00/e7cafce14efd29ddc25c40fdd629783806095c
  opendataformat/..Rcheck/vign_test/r-package-opendataformat/..Rcheck/vign_test/r-package-opendataformat/.git/objects/04/ecd869bda9fa1743c99030b7d04391d3106d78
  opendataformat/..Rcheck/vign_test/r-package-opendataformat/..Rcheck/vign_test/r-package-opendataformat/.git/objects/08/e22d69da7c7b388939a5f6837ca14b20a4b18e
  opendataformat/..Rcheck/vign_test/r-package-opendataformat/..Rcheck/vign_test/r-package-opendataformat/.git/objects/0a/a962b54bb9ab571e17466ecc7fcffe818347de
  opendataformat/..Rcheck/vign_test/r-package-opendataformat/..Rcheck/vign_test/r-package-opendataformat/.git/objects/0e/95dd2ab5079fcb8c24492a83e939aaef14967f
  opendataformat/..Rcheck/vign_test/r-package-opendataformat/..Rcheck/vign_test/r-package-opendataformat/.git/objects/17/86de0f9ebd1783c8f59beb01aa447301e32322
  opendataformat/..Rcheck/vign_test/r-package-opendataformat/..Rcheck/vign_test/r-package-opendataformat/.git/objects/17/e3ba0820b788eb0e2bb58113c31e5620259564
  opendataformat/..Rcheck/vign_test/r-package-opendataformat/..Rcheck/vign_test/r-package-opendataformat/.git/objects/19/315ff667aec30d3c3219272a0af6fd78351663
  opendataformat/..Rcheck/vign_test/r-package-opendataformat/..Rcheck/vign_test/r-package-opendataformat/.git/objects/1b/e46714497e7cc1c2df9a52b50b46d157b8a718
  opendataformat/..Rcheck/vign_test/r-package-opendataformat/..Rcheck/vign_test/r-package-opendataformat/.git/objects/1d/c4d21677e56c2cebdb01feee5e1a4a923aedee
  opendataformat/..Rcheck/vign_test/r-package-opendataformat/..Rcheck/vign_test/r-package-opendataformat/.git/objects/23/dbd1940b62fc600689f871137454a26f8eaed9
  opendataformat/..Rcheck/vign_test/r-package-opendataformat/..Rcheck/vign_test/r-package-opendataformat/.git/objects/2e/0a0812b750a6177bda67db3cda789c5f87ab57
  opendataformat/..Rcheck/vign_test/r-package-opendataformat/..Rcheck/vign_test/r-package-opendataformat/.git/objects/34/6ba13ff8e9919129980cfcd2af26a516507f04
  opendataformat/..Rcheck/vign_test/r-package-opendataformat/..Rcheck/vign_test/r-package-opendataformat/.git/objects/39/6ea871b5df31aee65637be3e8986d055889a7f
  opendataformat/..Rcheck/vign_test/r-package-opendataformat/..Rcheck/vign_test/r-package-opendataformat/.git/objects/3e/6a1c45728d747687ed2ebf008e802186b7b319
  opendataformat/..Rcheck/vign_test/r-package-opendataformat/..Rcheck/vign_test/r-package-opendataformat/.git/objects/42/bc0de3fed0a4223205588f2d3d333e9c12fb3e
  opendataformat/..Rcheck/vign_test/r-package-opendataformat/..Rcheck/vign_test/r-package-opendataformat/.git/objects/45/0a2475d5a572b08a9885f9c08dc1669b027bc1
  opendataformat/..Rcheck/vign_test/r-package-opendataformat/..Rcheck/vign_test/r-package-opendataformat/.git/objects/48/0353d268de444d280e2548b777a53b1555375f
  opendataformat/..Rcheck/vign_test/r-package-opendataformat/..Rcheck/vign_test/r-package-opendataformat/.git/objects/50/46d7eaf103a782d05339c5c267b76917117996
  opendataformat/..Rcheck/vign_test/r-package-opendataformat/..Rcheck/vign_test/r-package-opendataformat/.git/objects/51/05ebc03f222f9f5b331896768c6f87f391e3fa
  opendataformat/..Rcheck/vign_test/r-package-opendataformat/..Rcheck/vign_test/r-package-opendataformat/.git/objects/59/de4d0f6abb93d5d75fb18ef293949602c0483f
  opendataformat/..Rcheck/vign_test/r-package-opendataformat/..Rcheck/vign_test/r-package-opendataformat/.git/objects/5e/94140defde9b1464aeb040112dc9c5d1a74fdf
  opendataformat/..Rcheck/vign_test/r-package-opendataformat/..Rcheck/vign_test/r-package-opendataformat/.git/objects/61/0cbadf55953326e8ade1f33b9e3e6fe5618c66
  opendataformat/..Rcheck/vign_test/r-package-opendataformat/..Rcheck/vign_test/r-package-opendataformat/.git/objects/68/3504d6ec6f67db2b495483fe76fb82afced84b
  opendataformat/..Rcheck/vign_test/r-package-opendataformat/..Rcheck/vign_test/r-package-opendataformat/.git/objects/69/553359e04c6682ca21a0743c0cad60b577982f
  opendataformat/..Rcheck/vign_test/r-package-opendataformat/..Rcheck/vign_test/r-package-opendataformat/.git/objects/6d/19cda56b94a254fb92ce24d415c789a574c375
  opendataformat/..Rcheck/vign_test/r-package-opendataformat/..Rcheck/vign_test/r-package-opendataformat/.git/objects/6d/f9ba7c94b5a2ecc415740563eda5a74e030884
  opendataformat/..Rcheck/vign_test/r-package-opendataformat/..Rcheck/vign_test/r-package-opendataformat/.git/objects/78/71f6f8f5e6d46a9edb18bdeb00ccd450d5106f
  opendataformat/..Rcheck/vign_test/r-package-opendataformat/..Rcheck/vign_test/r-package-opendataformat/.git/objects/80/2e929731c4f1830c61a8ef7253f2f6b83a5c80
  opendataformat/..Rcheck/vign_test/r-package-opendataformat/..Rcheck/vign_test/r-package-opendataformat/.git/objects/83/733f29840404c6eb8204d4b9963cadb452a79b
  opendataformat/..Rcheck/vign_test/r-package-opendataformat/..Rcheck/vign_test/r-package-opendataformat/.git/objects/87/eb2ba8da02fdb9dab1f1dc8a054e7ee60a6e71
  opendataformat/..Rcheck/vign_test/r-package-opendataformat/..Rcheck/vign_test/r-package-opendataformat/.git/objects/8c/5beae2b378a59c30b274e976501f28bff595b3
  opendataformat/..Rcheck/vign_test/r-package-opendataformat/..Rcheck/vign_test/r-package-opendataformat/.git/objects/8d/37d359a5772b5de27b0d34cc1b132c26d2e844
  opendataformat/..Rcheck/vign_test/r-package-opendataformat/..Rcheck/vign_test/r-package-opendataformat/.git/objects/8e/74fcd3bee497d7173d21dcd3f3b033eb809f29
  opendataformat/..Rcheck/vign_test/r-package-opendataformat/..Rcheck/vign_test/r-package-opendataformat/.git/objects/8f/2c4b7057cec9c1763f32f23d832221bfb37419
  opendataformat/..Rcheck/vign_test/r-package-opendataformat/..Rcheck/vign_test/r-package-opendataformat/.git/objects/98/ad31e1c6dd4f1ff2ebd4d7c3e8a3182f4d1405
  opendataformat/..Rcheck/vign_test/r-package-opendataformat/..Rcheck/vign_test/r-package-opendataformat/.git/objects/9f/b4f7ce9bcd2deb8e2a412a88aa746a22163b3d
  opendataformat/..Rcheck/vign_test/r-package-opendataformat/..Rcheck/vign_test/r-package-opendataformat/.git/objects/a3/2bacb46f8972e28df68f94556fe9596be2f74f
  opendataformat/..Rcheck/vign_test/r-package-opendataformat/..Rcheck/vign_test/r-package-opendataformat/.git/objects/a4/b3d22b4f5bc5a092680b54f03d0ba7b9567078
  opendataformat/..Rcheck/vign_test/r-package-opendataformat/..Rcheck/vign_test/r-package-opendataformat/.git/objects/a6/d9431a39a60f035dcfa7821eba92b64c9ad454
  opendataformat/..Rcheck/vign_test/r-package-opendataformat/..Rcheck/vign_test/r-package-opendataformat/.git/objects/af/a98d23ba8c05edda47008eb9edac01b38ef0bb
  opendataformat/..Rcheck/vign_test/r-package-opendataformat/..Rcheck/vign_test/r-package-opendataformat/.git/objects/ba/977580a3c1df4a583a9a1ccd5b9b47340e9260
  opendataformat/..Rcheck/vign_test/r-package-opendataformat/..Rcheck/vign_test/r-package-opendataformat/.git/objects/bb/5edb3a0537ecf3de0badd6f9718ee3dc38ef40
  opendataformat/..Rcheck/vign_test/r-package-opendataformat/..Rcheck/vign_test/r-package-opendataformat/.git/objects/bb/d82e317e7263787879e69d88d2620369563904
  opendataformat/..Rcheck/vign_test/r-package-opendataformat/..Rcheck/vign_test/r-package-opendataformat/.git/objects/bc/617e0d65f95578198c46de9aa67679393b30bd
  opendataformat/..Rcheck/vign_test/r-package-opendataformat/..Rcheck/vign_test/r-package-opendataformat/.git/objects/cb/0f370e25c26fbeb7554af35df1f12ac4789689
  opendataformat/..Rcheck/vign_test/r-package-opendataformat/..Rcheck/vign_test/r-package-opendataformat/.git/objects/cc/e391b843a737294da9436fb59a7415cff9ac58
  opendataformat/..Rcheck/vign_test/r-package-opendataformat/..Rcheck/vign_test/r-package-opendataformat/.git/objects/ce/6c017e34880c40ef30ef3cc5de9d245e2c9ea6
  opendataformat/..Rcheck/vign_test/r-package-opendataformat/..Rcheck/vign_test/r-package-opendataformat/.git/objects/d3/775a1a844c36e50a01d1ce7bae73f179a16b05
  opendataformat/..Rcheck/vign_test/r-package-opendataformat/..Rcheck/vign_test/r-package-opendataformat/.git/objects/d8/0212bc137f043934d9e136661daa7d5af198a1
  opendataformat/..Rcheck/vign_test/r-package-opendataformat/..Rcheck/vign_test/r-package-opendataformat/.git/objects/e1/9ac0c1dac0b5baeb84a25296042148342f984a
  opendataformat/..Rcheck/vign_test/r-package-opendataformat/..Rcheck/vign_test/r-package-opendataformat/.git/objects/e2/b129cbf855c5d44524b0bd3f03676fdd39f793
  opendataformat/..Rcheck/vign_test/r-package-opendataformat/..Rcheck/vign_test/r-package-opendataformat/.git/objects/e3/73259ed4dabd8a09226e9b2a4b0b9b3df37408
  opendataformat/..Rcheck/vign_test/r-package-opendataformat/..Rcheck/vign_test/r-package-opendataformat/.git/objects/e4/d173db95cac243fdbb584507938070445d8e7f
  opendataformat/..Rcheck/vign_test/r-package-opendataformat/..Rcheck/vign_test/r-package-opendataformat/.git/objects/e5/925559222a498b0007dc781d138fc446223a6d
  opendataformat/..Rcheck/vign_test/r-package-opendataformat/..Rcheck/vign_test/r-package-opendataformat/.git/objects/e8/8a1a319bc6bb1594988d1b208ac68f388fa879
  opendataformat/..Rcheck/vign_test/r-package-opendataformat/..Rcheck/vign_test/r-package-opendataformat/.git/objects/e9/9be72fd34499c05ee931c45f5da28f9247346f
  opendataformat/..Rcheck/vign_test/r-package-opendataformat/..Rcheck/vign_test/r-package-opendataformat/.git/objects/ea/72a553c9dc106d200eef6123f1f25e745013e4
  opendataformat/..Rcheck/vign_test/r-package-opendataformat/..Rcheck/vign_test/r-package-opendataformat/.git/objects/eb/65ad739c46202e29460403dd690e8453d9a0f1
  opendataformat/..Rcheck/vign_test/r-package-opendataformat/..Rcheck/vign_test/r-package-opendataformat/.git/objects/ed/7819959c75431bc1b9eb19f942ff071fecbd1a
  opendataformat/..Rcheck/vign_test/r-package-opendataformat/..Rcheck/vign_test/r-package-opendataformat/.git/objects/ef/b8f3a61303c95e3a978926132ad9e86e1dd331
  opendataformat/..Rcheck/vign_test/r-package-opendataformat/..Rcheck/vign_test/r-package-opendataformat/.git/objects/f4/87438260af39f5a158cc551e306e2740584dc0
  opendataformat/..Rcheck/vign_test/r-package-opendataformat/..Rcheck/vign_test/r-package-opendataformat/.git/objects/f6/fd37346c592280f3f038f4056cc4a7810ee3a0
  opendataformat/..Rcheck/vign_test/r-package-opendataformat/..Rcheck/vign_test/r-package-opendataformat/.git/objects/f9/1c98ff31ef5a9e2cb859a44aa34664ee73f0b2
  opendataformat/..Rcheck/vign_test/r-package-opendataformat/..Rcheck/vign_test/r-package-opendataformat/.git/objects/pack/pack-eb15f104dc07ac7b9488087af065cac192657549.idx
  opendataformat/..Rcheck/vign_test/r-package-opendataformat/..Rcheck/vign_test/r-package-opendataformat/.git/objects/pack/pack-eb15f104dc07ac7b9488087af065cac192657549.pack
  opendataformat/..Rcheck/vign_test/r-package-opendataformat/..Rcheck/vign_test/r-package-opendataformat/.git/objects/pack/pack-eb15f104dc07ac7b9488087af065cac192657549.rev
  opendataformat/..Rcheck/vign_test/r-package-opendataformat/.git/objects/00/e7cafce14efd29ddc25c40fdd629783806095c
  opendataformat/..Rcheck/vign_test/r-package-opendataformat/.git/objects/04/ecd869bda9fa1743c99030b7d04391d3106d78
  opendataformat/..Rcheck/vign_test/r-package-opendataformat/.git/objects/08/e22d69da7c7b388939a5f6837ca14b20a4b18e
  opendataformat/..Rcheck/vign_test/r-package-opendataformat/.git/objects/0a/a962b54bb9ab571e17466ecc7fcffe818347de
  opendataformat/..Rcheck/vign_test/r-package-opendataformat/.git/objects/0e/95dd2ab5079fcb8c24492a83e939aaef14967f
  opendataformat/..Rcheck/vign_test/r-package-opendataformat/.git/objects/17/86de0f9ebd1783c8f59beb01aa447301e32322
  opendataformat/..Rcheck/vign_test/r-package-opendataformat/.git/objects/17/e3ba0820b788eb0e2bb58113c31e5620259564
  opendataformat/..Rcheck/vign_test/r-package-opendataformat/.git/objects/19/315ff667aec30d3c3219272a0af6fd78351663
  opendataformat/..Rcheck/vign_test/r-package-opendataformat/.git/objects/1b/e46714497e7cc1c2df9a52b50b46d157b8a718
  opendataformat/..Rcheck/vign_test/r-package-opendataformat/.git/objects/1d/c4d21677e56c2cebdb01feee5e1a4a923aedee
  opendataformat/..Rcheck/vign_test/r-package-opendataformat/.git/objects/23/dbd1940b62fc600689f871137454a26f8eaed9
  opendataformat/..Rcheck/vign_test/r-package-opendataformat/.git/objects/2e/0a0812b750a6177bda67db3cda789c5f87ab57
  opendataformat/..Rcheck/vign_test/r-package-opendataformat/.git/objects/34/6ba13ff8e9919129980cfcd2af26a516507f04
  opendataformat/..Rcheck/vign_test/r-package-opendataformat/.git/objects/39/6ea871b5df31aee65637be3e8986d055889a7f
  opendataformat/..Rcheck/vign_test/r-package-opendataformat/.git/objects/3e/6a1c45728d747687ed2ebf008e802186b7b319
  opendataformat/..Rcheck/vign_test/r-package-opendataformat/.git/objects/42/bc0de3fed0a4223205588f2d3d333e9c12fb3e
  opendataformat/..Rcheck/vign_test/r-package-opendataformat/.git/objects/45/0a2475d5a572b08a9885f9c08dc1669b027bc1
  opendataformat/..Rcheck/vign_test/r-package-opendataformat/.git/objects/48/0353d268de444d280e2548b777a53b1555375f
  opendataformat/..Rcheck/vign_test/r-package-opendataformat/.git/objects/50/46d7eaf103a782d05339c5c267b76917117996
  opendataformat/..Rcheck/vign_test/r-package-opendataformat/.git/objects/51/05ebc03f222f9f5b331896768c6f87f391e3fa
  opendataformat/..Rcheck/vign_test/r-package-opendataformat/.git/objects/59/de4d0f6abb93d5d75fb18ef293949602c0483f
  opendataformat/..Rcheck/vign_test/r-package-opendataformat/.git/objects/5e/94140defde9b1464aeb040112dc9c5d1a74fdf
  opendataformat/..Rcheck/vign_test/r-package-opendataformat/.git/objects/61/0cbadf55953326e8ade1f33b9e3e6fe5618c66
  opendataformat/..Rcheck/vign_test/r-package-opendataformat/.git/objects/68/3504d6ec6f67db2b495483fe76fb82afced84b
  opendataformat/..Rcheck/vign_test/r-package-opendataformat/.git/objects/69/553359e04c6682ca21a0743c0cad60b577982f
  opendataformat/..Rcheck/vign_test/r-package-opendataformat/.git/objects/6d/19cda56b94a254fb92ce24d415c789a574c375
  opendataformat/..Rcheck/vign_test/r-package-opendataformat/.git/objects/6d/f9ba7c94b5a2ecc415740563eda5a74e030884
  opendataformat/..Rcheck/vign_test/r-package-opendataformat/.git/objects/78/71f6f8f5e6d46a9edb18bdeb00ccd450d5106f
  opendataformat/..Rcheck/vign_test/r-package-opendataformat/.git/objects/80/2e929731c4f1830c61a8ef7253f2f6b83a5c80
  opendataformat/..Rcheck/vign_test/r-package-opendataformat/.git/objects/83/733f29840404c6eb8204d4b9963cadb452a79b
  opendataformat/..Rcheck/vign_test/r-package-opendataformat/.git/objects/87/eb2ba8da02fdb9dab1f1dc8a054e7ee60a6e71
  opendataformat/..Rcheck/vign_test/r-package-opendataformat/.git/objects/8c/5beae2b378a59c30b274e976501f28bff595b3
  opendataformat/..Rcheck/vign_test/r-package-opendataformat/.git/objects/8d/37d359a5772b5de27b0d34cc1b132c26d2e844
  opendataformat/..Rcheck/vign_test/r-package-opendataformat/.git/objects/8e/74fcd3bee497d7173d21dcd3f3b033eb809f29
  opendataformat/..Rcheck/vign_test/r-package-opendataformat/.git/objects/8f/2c4b7057cec9c1763f32f23d832221bfb37419
  opendataformat/..Rcheck/vign_test/r-package-opendataformat/.git/objects/98/ad31e1c6dd4f1ff2ebd4d7c3e8a3182f4d1405
  opendataformat/..Rcheck/vign_test/r-package-opendataformat/.git/objects/9f/b4f7ce9bcd2deb8e2a412a88aa746a22163b3d
  opendataformat/..Rcheck/vign_test/r-package-opendataformat/.git/objects/a3/2bacb46f8972e28df68f94556fe9596be2f74f
  opendataformat/..Rcheck/vign_test/r-package-opendataformat/.git/objects/a4/b3d22b4f5bc5a092680b54f03d0ba7b9567078
  opendataformat/..Rcheck/vign_test/r-package-opendataformat/.git/objects/a6/d9431a39a60f035dcfa7821eba92b64c9ad454
  opendataformat/..Rcheck/vign_test/r-package-opendataformat/.git/objects/af/a98d23ba8c05edda47008eb9edac01b38ef0bb
  opendataformat/..Rcheck/vign_test/r-package-opendataformat/.git/objects/ba/977580a3c1df4a583a9a1ccd5b9b47340e9260
  opendataformat/..Rcheck/vign_test/r-package-opendataformat/.git/objects/bb/5edb3a0537ecf3de0badd6f9718ee3dc38ef40
  opendataformat/..Rcheck/vign_test/r-package-opendataformat/.git/objects/bb/d82e317e7263787879e69d88d2620369563904
  opendataformat/..Rcheck/vign_test/r-package-opendataformat/.git/objects/bc/617e0d65f95578198c46de9aa67679393b30bd
  opendataformat/..Rcheck/vign_test/r-package-opendataformat/.git/objects/cb/0f370e25c26fbeb7554af35df1f12ac4789689
  opendataformat/..Rcheck/vign_test/r-package-opendataformat/.git/objects/cc/e391b843a737294da9436fb59a7415cff9ac58
  opendataformat/..Rcheck/vign_test/r-package-opendataformat/.git/objects/ce/6c017e34880c40ef30ef3cc5de9d245e2c9ea6
  opendataformat/..Rcheck/vign_test/r-package-opendataformat/.git/objects/d3/775a1a844c36e50a01d1ce7bae73f179a16b05
  opendataformat/..Rcheck/vign_test/r-package-opendataformat/.git/objects/d8/0212bc137f043934d9e136661daa7d5af198a1
  opendataformat/..Rcheck/vign_test/r-package-opendataformat/.git/objects/e1/9ac0c1dac0b5baeb84a25296042148342f984a
  opendataformat/..Rcheck/vign_test/r-package-opendataformat/.git/objects/e2/b129cbf855c5d44524b0bd3f03676fdd39f793
  opendataformat/..Rcheck/vign_test/r-package-opendataformat/.git/objects/e3/73259ed4dabd8a09226e9b2a4b0b9b3df37408
  opendataformat/..Rcheck/vign_test/r-package-opendataformat/.git/objects/e4/d173db95cac243fdbb584507938070445d8e7f
  opendataformat/..Rcheck/vign_test/r-package-opendataformat/.git/objects/e5/925559222a498b0007dc781d138fc446223a6d
  opendataformat/..Rcheck/vign_test/r-package-opendataformat/.git/objects/e8/8a1a319bc6bb1594988d1b208ac68f388fa879
  opendataformat/..Rcheck/vign_test/r-package-opendataformat/.git/objects/e9/9be72fd34499c05ee931c45f5da28f9247346f
  opendataformat/..Rcheck/vign_test/r-package-opendataformat/.git/objects/ea/72a553c9dc106d200eef6123f1f25e745013e4
  opendataformat/..Rcheck/vign_test/r-package-opendataformat/.git/objects/eb/65ad739c46202e29460403dd690e8453d9a0f1
  opendataformat/..Rcheck/vign_test/r-package-opendataformat/.git/objects/ed/7819959c75431bc1b9eb19f942ff071fecbd1a
  opendataformat/..Rcheck/vign_test/r-package-opendataformat/.git/objects/ef/b8f3a61303c95e3a978926132ad9e86e1dd331
  opendataformat/..Rcheck/vign_test/r-package-opendataformat/.git/objects/f4/87438260af39f5a158cc551e306e2740584dc0
  opendataformat/..Rcheck/vign_test/r-package-opendataformat/.git/objects/f6/fd37346c592280f3f038f4056cc4a7810ee3a0
  opendataformat/..Rcheck/vign_test/r-package-opendataformat/.git/objects/f9/1c98ff31ef5a9e2cb859a44aa34664ee73f0b2
  opendataformat/..Rcheck/vign_test/r-package-opendataformat/.git/objects/pack/pack-eb15f104dc07ac7b9488087af065cac192657549.idx
  opendataformat/..Rcheck/vign_test/r-package-opendataformat/.git/objects/pack/pack-eb15f104dc07ac7b9488087af065cac192657549.pack
  opendataformat/..Rcheck/vign_test/r-package-opendataformat/.git/objects/pack/pack-eb15f104dc07ac7b9488087af065cac192657549.rev
  opendataformat/..Rcheck/vign_test/r-package-opendataformat/..Rcheck/vign_test/r-package-opendataformat/.git/objects/00
  opendataformat/..Rcheck/vign_test/r-package-opendataformat/..Rcheck/vign_test/r-package-opendataformat/.git/objects/04
  opendataformat/..Rcheck/vign_test/r-package-opendataformat/..Rcheck/vign_test/r-package-opendataformat/.git/objects/08
  opendataformat/..Rcheck/vign_test/r-package-opendataformat/..Rcheck/vign_test/r-package-opendataformat/.git/objects/0a
  opendataformat/..Rcheck/vign_test/r-package-opendataformat/..Rcheck/vign_test/r-package-opendataformat/.git/objects/0e
  opendataformat/..Rcheck/vign_test/r-package-opendataformat/..Rcheck/vign_test/r-package-opendataformat/.git/objects/17
  opendataformat/..Rcheck/vign_test/r-package-opendataformat/..Rcheck/vign_test/r-package-opendataformat/.git/objects/19
  opendataformat/..Rcheck/vign_test/r-package-opendataformat/..Rcheck/vign_test/r-package-opendataformat/.git/objects/1b
  opendataformat/..Rcheck/vign_test/r-package-opendataformat/..Rcheck/vign_test/r-package-opendataformat/.git/objects/1d
  opendataformat/..Rcheck/vign_test/r-package-opendataformat/..Rcheck/vign_test/r-package-opendataformat/.git/objects/23
  opendataformat/..Rcheck/vign_test/r-package-opendataformat/..Rcheck/vign_test/r-package-opendataformat/.git/objects/2e
  opendataformat/..Rcheck/vign_test/r-package-opendataformat/..Rcheck/vign_test/r-package-opendataformat/.git/objects/34
  opendataformat/..Rcheck/vign_test/r-package-opendataformat/..Rcheck/vign_test/r-package-opendataformat/.git/objects/39
  opendataformat/..Rcheck/vign_test/r-package-opendataformat/..Rcheck/vign_test/r-package-opendataformat/.git/objects/3e
  opendataformat/..Rcheck/vign_test/r-package-opendataformat/..Rcheck/vign_test/r-package-opendataformat/.git/objects/42
  opendataformat/..Rcheck/vign_test/r-package-opendataformat/..Rcheck/vign_test/r-package-opendataformat/.git/objects/45
  opendataformat/..Rcheck/vign_test/r-package-opendataformat/..Rcheck/vign_test/r-package-opendataformat/.git/objects/48
  opendataformat/..Rcheck/vign_test/r-package-opendataformat/..Rcheck/vign_test/r-package-opendataformat/.git/objects/50
  opendataformat/..Rcheck/vign_test/r-package-opendataformat/..Rcheck/vign_test/r-package-opendataformat/.git/objects/51
  opendataformat/..Rcheck/vign_test/r-package-opendataformat/..Rcheck/vign_test/r-package-opendataformat/.git/objects/59
  opendataformat/..Rcheck/vign_test/r-package-opendataformat/..Rcheck/vign_test/r-package-opendataformat/.git/objects/5e
  opendataformat/..Rcheck/vign_test/r-package-opendataformat/..Rcheck/vign_test/r-package-opendataformat/.git/objects/61
  opendataformat/..Rcheck/vign_test/r-package-opendataformat/..Rcheck/vign_test/r-package-opendataformat/.git/objects/68
  opendataformat/..Rcheck/vign_test/r-package-opendataformat/..Rcheck/vign_test/r-package-opendataformat/.git/objects/69
  opendataformat/..Rcheck/vign_test/r-package-opendataformat/..Rcheck/vign_test/r-package-opendataformat/.git/objects/6d
  opendataformat/..Rcheck/vign_test/r-package-opendataformat/..Rcheck/vign_test/r-package-opendataformat/.git/objects/78
  opendataformat/..Rcheck/vign_test/r-package-opendataformat/..Rcheck/vign_test/r-package-opendataformat/.git/objects/80
  opendataformat/..Rcheck/vign_test/r-package-opendataformat/..Rcheck/vign_test/r-package-opendataformat/.git/objects/83
  opendataformat/..Rcheck/vign_test/r-package-opendataformat/..Rcheck/vign_test/r-package-opendataformat/.git/objects/87
  opendataformat/..Rcheck/vign_test/r-package-opendataformat/..Rcheck/vign_test/r-package-opendataformat/.git/objects/8c
  opendataformat/..Rcheck/vign_test/r-package-opendataformat/..Rcheck/vign_test/r-package-opendataformat/.git/objects/8d
  opendataformat/..Rcheck/vign_test/r-package-opendataformat/..Rcheck/vign_test/r-package-opendataformat/.git/objects/8e
  opendataformat/..Rcheck/vign_test/r-package-opendataformat/..Rcheck/vign_test/r-package-opendataformat/.git/objects/8f
  opendataformat/..Rcheck/vign_test/r-package-opendataformat/..Rcheck/vign_test/r-package-opendataformat/.git/objects/98
  opendataformat/..Rcheck/vign_test/r-package-opendataformat/..Rcheck/vign_test/r-package-opendataformat/.git/objects/9f
  opendataformat/..Rcheck/vign_test/r-package-opendataformat/..Rcheck/vign_test/r-package-opendataformat/.git/objects/a3
  opendataformat/..Rcheck/vign_test/r-package-opendataformat/..Rcheck/vign_test/r-package-opendataformat/.git/objects/a4
  opendataformat/..Rcheck/vign_test/r-package-opendataformat/..Rcheck/vign_test/r-package-opendataformat/.git/objects/a6
  opendataformat/..Rcheck/vign_test/r-package-opendataformat/..Rcheck/vign_test/r-package-opendataformat/.git/objects/af
  opendataformat/..Rcheck/vign_test/r-package-opendataformat/..Rcheck/vign_test/r-package-opendataformat/.git/objects/ba
  opendataformat/..Rcheck/vign_test/r-package-opendataformat/..Rcheck/vign_test/r-package-opendataformat/.git/objects/bb
  opendataformat/..Rcheck/vign_test/r-package-opendataformat/..Rcheck/vign_test/r-package-opendataformat/.git/objects/bc
  opendataformat/..Rcheck/vign_test/r-package-opendataformat/..Rcheck/vign_test/r-package-opendataformat/.git/objects/cb
  opendataformat/..Rcheck/vign_test/r-package-opendataformat/..Rcheck/vign_test/r-package-opendataformat/.git/objects/cc
  opendataformat/..Rcheck/vign_test/r-package-opendataformat/..Rcheck/vign_test/r-package-opendataformat/.git/objects/ce
  opendataformat/..Rcheck/vign_test/r-package-opendataformat/..Rcheck/vign_test/r-package-opendataformat/.git/objects/d3
  opendataformat/..Rcheck/vign_test/r-package-opendataformat/..Rcheck/vign_test/r-package-opendataformat/.git/objects/d8
  opendataformat/..Rcheck/vign_test/r-package-opendataformat/..Rcheck/vign_test/r-package-opendataformat/.git/objects/e1
  opendataformat/..Rcheck/vign_test/r-package-opendataformat/..Rcheck/vign_test/r-package-opendataformat/.git/objects/e2
  opendataformat/..Rcheck/vign_test/r-package-opendataformat/..Rcheck/vign_test/r-package-opendataformat/.git/objects/e3
  opendataformat/..Rcheck/vign_test/r-package-opendataformat/..Rcheck/vign_test/r-package-opendataformat/.git/objects/e4
  opendataformat/..Rcheck/vign_test/r-package-opendataformat/..Rcheck/vign_test/r-package-opendataformat/.git/objects/e5
  opendataformat/..Rcheck/vign_test/r-package-opendataformat/..Rcheck/vign_test/r-package-opendataformat/.git/objects/e8
  opendataformat/..Rcheck/vign_test/r-package-opendataformat/..Rcheck/vign_test/r-package-opendataformat/.git/objects/e9
  opendataformat/..Rcheck/vign_test/r-package-opendataformat/..Rcheck/vign_test/r-package-opendataformat/.git/objects/ea
  opendataformat/..Rcheck/vign_test/r-package-opendataformat/..Rcheck/vign_test/r-package-opendataformat/.git/objects/eb
  opendataformat/..Rcheck/vign_test/r-package-opendataformat/..Rcheck/vign_test/r-package-opendataformat/.git/objects/ed
  opendataformat/..Rcheck/vign_test/r-package-opendataformat/..Rcheck/vign_test/r-package-opendataformat/.git/objects/ef
  opendataformat/..Rcheck/vign_test/r-package-opendataformat/..Rcheck/vign_test/r-package-opendataformat/.git/objects/f4
  opendataformat/..Rcheck/vign_test/r-package-opendataformat/..Rcheck/vign_test/r-package-opendataformat/.git/objects/f6
  opendataformat/..Rcheck/vign_test/r-package-opendataformat/..Rcheck/vign_test/r-package-opendataformat/.git/objects/f9
  opendataformat/..Rcheck/vign_test/r-package-opendataformat/..Rcheck/vign_test/r-package-opendataformat/.git/objects/pack

Tarballs are only required to store paths of up to 100 bytes and cannot
store those of more than 256 bytes, with restrictions including to 100
bytes for the final component.
See section 'Package structure' in the 'Writing R Extensions' manual.
* checking serialization versions ... OK
* checking whether package 'opendataformat' can be installed ... OK
* checking installed package size ... OK
* checking package directory ... OK
* checking for future file timestamps ... OK
* checking DESCRIPTION meta-information ... NOTE
Author field differs from that derived from Authors@R
  Author:    'Tom Hartl, Claudia Saalbach, Xiaoyao Han, Knut Wenzig'
  Authors@R: 'Tom Hartl [aut, cre]'

Checking should be performed on sources prepared by 'R CMD build'.
* checking top-level files ... NOTE
Files 'README.md' or 'NEWS.md' cannot be checked without 'pandoc' being installed.
Non-standard files/directories found at top level:
  'Meta' 'doc' 'r-package-opendataformat.Rproj'
* checking for left-over files ... OK
* checking index information ... OK
* checking package subdirectories ... WARNING
Found the following directories with names of check directories:
  ./..Rcheck
  ./..Rcheck/vign_test/r-package-opendataformat/..Rcheck
Most likely, these were included erroneously.
Found the following directories with names of version control directories:
  ./..Rcheck/vign_test/r-package-opendataformat/..Rcheck/vign_test/r-package-opendataformat/.git
  ./..Rcheck/vign_test/r-package-opendataformat/.git
  ./.git
These should not be in a package tarball.
* checking code files for non-ASCII characters ... OK
* checking R files for syntax errors ... OK
* checking whether the package can be loaded ... OK
* checking whether the package can be loaded with stated dependencies ... OK
* checking whether the package can be unloaded cleanly ... OK
* checking whether the namespace can be loaded with stated dependencies ... OK
* checking whether the namespace can be unloaded cleanly ... OK
* checking loading without being on the library search path ... OK
* checking use of S3 registration ... OK
* checking dependencies in R code ... OK
* checking S3 generic/method consistency ... OK
* checking replacement functions ... OK
* checking foreign function calls ... OK
* checking R code for possible problems ... NOTE
write_opendf: no visible binding for global variable '.'
Undefined global functions or variables:
  .

Found if() conditions comparing class() to string:
File 'r-package-opendataformat/R/docu_opendf.R': if (class(input) == "NULL") ...
File 'r-package-opendataformat/R/read_opendf.R': if (class(variables) != "numeric") ...
Use inherits() (or maybe is()) instead.
* checking Rd files ... OK
* checking Rd metadata ... OK
* checking Rd line widths ... OK
* checking Rd cross-references ... OK
* checking for missing documentation entries ... OK
* checking for code/documentation mismatches ... OK
* checking Rd \usage sections ... OK
* checking Rd contents ... OK
* checking for unstated dependencies in examples ... OK
* checking contents of 'data' directory ... OK
* checking data for non-ASCII characters ... OK
* checking LazyData ... OK
* checking data for ASCII and uncompressed saves ... OK
* checking files in 'vignettes' ... WARNING
Files in the 'vignettes' directory but no files in 'inst/doc':
  'opendataformat.R' 'opendataformat.Rmd' 'opendataformat.html'
* checking examples ... ERROR
Running examples in 'opendataformat-Ex.R' failed
The error most likely occurred in:

> base::assign(".ptime", proc.time(), pos = "CheckExEnv")
> ### Name: setLanguage_opendf
> ### Title: Change language of dataframe metadata
> ### Aliases: setLanguage_opendf
> 
> ### ** Examples
> 
> # get example data from the opendataformat package
> df <- get(data("data_opendf"))
> 
> # Switch dataset df to language "en" 
> df <- setLanguage_opendf(df, language = "en")
> 
> # Display dataset information for dataset df in language "en"
> docu_opendf(df)
Dataset:  bap
Label:
[en]Data from individual questionnaires 2010
Description:
[en]The data were collected as part of the SOEP-Core study using the questionnaire "Living in Germany - Survey 2010 on the social situation - Personal questionnaire for all. This questionnaire is addressed to the individual persons in the household. A view of the survey instrument can be found here: https://www.diw.de/documents/dokumentenarchiv/17/diw_01.c.369781.de/soepfrabo_personen_2010.pdf
languages:
    en de (active: en)
url:
    https://paneldata.org/soep-core/data/bap
Error in viewer(htmlFile) : could not find function "viewer"
Calls: docu_opendf
Execution halted
* checking for unstated dependencies in 'tests' ... OK
* checking tests ... ERROR
  Running 'testthat.R'
Running the tests in 'tests/testthat.R' failed.
Last 13 lines of output:
  [1] "Dataset successfully written to 'C:\\Users\\thartl\\AppData\\Local\\Temp\\Rtmp67fnpg/working_dir\\Rtmpu0ob6R/MY_XML'"
  [1] "Dataset successfully written to 'C:\\Users\\thartl\\AppData\\Local\\Temp\\Rtmp67fnpg/working_dir\\Rtmpu0ob6R/MY_XML'"
  [1] "Dataset successfully written to 'C:\\Users\\thartl\\AppData\\Local\\Temp\\Rtmp67fnpg/working_dir\\Rtmpu0ob6R/MY_XML'"
  [ FAIL 1 | WARN 0 | SKIP 0 | PASS 375 ]
  
  ══ Failed tests ════════════════════════════════════════════════════════════════
  ── Error ('test-docu_opendf.R:10:3'): docu_opendf ──────────────────────────────
  Error in `viewer(htmlFile)`: could not find function "viewer"
  Backtrace:
      ▆
   1. └─opendataformat::docu_opendf(input = df, languages = "all", style = "html") at test-docu_opendf.R:10:3
  
  [ FAIL 1 | WARN 0 | SKIP 0 | PASS 375 ]
  Error: Test failures
  Execution halted
* checking for unstated dependencies in vignettes ... OK
* checking package vignettes ... WARNING
Directory 'inst/doc' does not exist.
Package vignette without corresponding single PDF/HTML:
  'opendataformat.Rmd'
* checking re-building of vignette outputs ... OK
* checking PDF version of manual ... OK
* checking HTML version of manual ... OK
* checking for non-standard things in the check directory ... OK
* checking for detritus in the temp directory ... OK
* DONE
Status: 2 ERRORs, 3 WARNINGs, 6 NOTEs
